<?xml version="1.0" encoding="UTF-8"?>
<!-- Generated by org.testng.reporters.JUnitReportReporter -->
<testsuite hostname="DESKTOP-CTNIRRU" failures="0" tests="2" name="testNGBasics.BaseClass" time="9.168" errors="0" timestamp="2025-09-13T09:18:24 IST" skipped="0">
  <testcase classname="testNGBasics.BaseClass" name="validateQuickLaunchLinks" time="6.254"/>
  <testcase classname="testNGBasics.BaseClass" name="validateMyActions" time="2.914"/>
</testsuite> <!-- testNGBasics.BaseClass -->
