<?xml version="1.0" encoding="UTF-8"?>
<!-- Generated by org.testng.reporters.JUnitReportReporter -->
<testsuite hostname="DESKTOP-CTNIRRU" failures="0" tests="1" name="dashBoardTCs.DashBoardTestCases2" time="2.066" errors="0" timestamp="2025-09-15T08:31:40 IST" skipped="0">
  <testcase classname="dashBoardTCs.DashBoardTestCases2" name="validateMyActions" time="2.066"/>
</testsuite> <!-- dashBoardTCs.DashBoardTestCases2 -->
