<?xml version="1.0" encoding="UTF-8"?>
<!-- Generated by org.testng.reporters.JUnitReportReporter -->
<testsuite hostname="DESKTOP-CTNIRRU" failures="0" tests="2" name="dashBoardTCs.DashBoardTestCases" time="8.727" errors="0" timestamp="2025-09-16T08:19:44 IST" skipped="0">
  <testcase classname="dashBoardTCs.DashBoardTestCases" name="validateQuickLaunchLinks" time="7.098"/>
  <testcase classname="dashBoardTCs.DashBoardTestCases" name="validateMyActions" time="1.629"/>
</testsuite> <!-- dashBoardTCs.DashBoardTestCases -->
